<?xml version="1.0" encoding="UTF-8"?>
<testsuite name="org.lognet.springboot.grpc.OrderedInterceptorsTest" tests="1" skipped="0" failures="1" errors="0" timestamp="2020-07-20T03:19:55" hostname="WKMIN4723941" time="0.004">
  <properties/>
  <testcase name="simpleGreeting" classname="org.lognet.springboot.grpc.OrderedInterceptorsTest" time="0.004">
    <failure message="java.lang.IllegalStateException: Failed to load ApplicationContext" type="java.lang.IllegalStateException">java.lang.IllegalStateException: Failed to load ApplicationContext
	at org.springframework.test.context.cache.DefaultCacheAwareContextLoaderDelegate.loadContext(DefaultCacheAwareContextLoaderDelegate.java:124)
	at org.springframework.test.context.support.DefaultTestContext.getApplicationContext(DefaultTestContext.java:83)
	at org.springframework.test.context.support.DependencyInjectionTestExecutionListener.injectDependencies(DependencyInjectionTestExecutionListener.java:117)
	at org.springframework.test.context.support.DependencyInjectionTestExecutionListener.prepareTestInstance(DependencyInjectionTestExecutionListener.java:83)
	at org.springframework.boot.test.autoconfigure.SpringBootDependencyInjectionTestExecutionListener.prepareTestInstance(SpringBootDependencyInjectionTestExecutionListener.java:44)
	at org.springframework.test.context.TestContextManager.prepareTestInstance(TestContextManager.java:230)
	at org.springframework.test.context.junit4.SpringJUnit4ClassRunner.createTest(SpringJUnit4ClassRunner.java:228)
	at org.springframework.test.context.junit4.SpringJUnit4ClassRunner$1.runReflectiveCall(SpringJUnit4ClassRunner.java:287)
	at org.junit.internal.runners.model.ReflectiveCallable.run(ReflectiveCallable.java:12)
	at org.springframework.test.context.junit4.SpringJUnit4ClassRunner.methodBlock(SpringJUnit4ClassRunner.java:289)
	at org.springframework.test.context.junit4.SpringJUnit4ClassRunner.runChild(SpringJUnit4ClassRunner.java:247)
	at org.springframework.test.context.junit4.SpringJUnit4ClassRunner.runChild(SpringJUnit4ClassRunner.java:94)
	at org.junit.runners.ParentRunner$3.run(ParentRunner.java:290)
	at org.junit.runners.ParentRunner$1.schedule(ParentRunner.java:71)
	at org.junit.runners.ParentRunner.runChildren(ParentRunner.java:288)
	at org.junit.runners.ParentRunner.access$000(ParentRunner.java:58)
	at org.junit.runners.ParentRunner$2.evaluate(ParentRunner.java:268)
	at org.springframework.test.context.junit4.statements.RunBeforeTestClassCallbacks.evaluate(RunBeforeTestClassCallbacks.java:61)
	at org.springframework.test.context.junit4.statements.RunAfterTestClassCallbacks.evaluate(RunAfterTestClassCallbacks.java:70)
	at org.junit.runners.ParentRunner.run(ParentRunner.java:363)
	at org.springframework.test.context.junit4.SpringJUnit4ClassRunner.run(SpringJUnit4ClassRunner.java:191)
	at org.gradle.api.internal.tasks.testing.junit.JUnitTestClassExecutor.runTestClass(JUnitTestClassExecutor.java:106)
	at org.gradle.api.internal.tasks.testing.junit.JUnitTestClassExecutor.execute(JUnitTestClassExecutor.java:58)
	at org.gradle.api.internal.tasks.testing.junit.JUnitTestClassExecutor.execute(JUnitTestClassExecutor.java:38)
	at org.gradle.api.internal.tasks.testing.junit.AbstractJUnitTestClassProcessor.processTestClass(AbstractJUnitTestClassProcessor.java:66)
	at org.gradle.api.internal.tasks.testing.SuiteTestClassProcessor.processTestClass(SuiteTestClassProcessor.java:51)
	at sun.reflect.NativeMethodAccessorImpl.invoke0(Native Method)
	at sun.reflect.NativeMethodAccessorImpl.invoke(NativeMethodAccessorImpl.java:62)
	at sun.reflect.DelegatingMethodAccessorImpl.invoke(DelegatingMethodAccessorImpl.java:43)
	at java.lang.reflect.Method.invoke(Method.java:498)
	at org.gradle.internal.dispatch.ReflectionDispatch.dispatch(ReflectionDispatch.java:35)
	at org.gradle.internal.dispatch.ReflectionDispatch.dispatch(ReflectionDispatch.java:24)
	at org.gradle.internal.dispatch.ContextClassLoaderDispatch.dispatch(ContextClassLoaderDispatch.java:32)
	at org.gradle.internal.dispatch.ProxyDispatchAdapter$DispatchingInvocationHandler.invoke(ProxyDispatchAdapter.java:93)
	at com.sun.proxy.$Proxy2.processTestClass(Unknown Source)
	at org.gradle.api.internal.tasks.testing.worker.TestWorker.processTestClass(TestWorker.java:117)
	at sun.reflect.NativeMethodAccessorImpl.invoke0(Native Method)
	at sun.reflect.NativeMethodAccessorImpl.invoke(NativeMethodAccessorImpl.java:62)
	at sun.reflect.DelegatingMethodAccessorImpl.invoke(DelegatingMethodAccessorImpl.java:43)
	at java.lang.reflect.Method.invoke(Method.java:498)
	at org.gradle.internal.dispatch.ReflectionDispatch.dispatch(ReflectionDispatch.java:35)
	at org.gradle.internal.dispatch.ReflectionDispatch.dispatch(ReflectionDispatch.java:24)
	at org.gradle.internal.remote.internal.hub.MessageHubBackedObjectConnection$DispatchWrapper.dispatch(MessageHubBackedObjectConnection.java:155)
	at org.gradle.internal.remote.internal.hub.MessageHubBackedObjectConnection$DispatchWrapper.dispatch(MessageHubBackedObjectConnection.java:137)
	at org.gradle.internal.remote.internal.hub.MessageHub$Handler.run(MessageHub.java:404)
	at org.gradle.internal.concurrent.ExecutorPolicy$CatchAndRecordFailures.onExecute(ExecutorPolicy.java:63)
	at org.gradle.internal.concurrent.ManagedExecutorImpl$1.run(ManagedExecutorImpl.java:46)
	at java.util.concurrent.ThreadPoolExecutor.runWorker(ThreadPoolExecutor.java:1149)
	at java.util.concurrent.ThreadPoolExecutor$Worker.run(ThreadPoolExecutor.java:624)
	at org.gradle.internal.concurrent.ThreadFactoryImpl$ManagedThreadRunnable.run(ThreadFactoryImpl.java:55)
	at java.lang.Thread.run(Thread.java:748)
Caused by: java.lang.IllegalStateException: Failed to execute CommandLineRunner
	at org.springframework.boot.SpringApplication.callRunner(SpringApplication.java:735)
	at org.springframework.boot.SpringApplication.callRunners(SpringApplication.java:716)
	at org.springframework.boot.SpringApplication.afterRefresh(SpringApplication.java:703)
	at org.springframework.boot.SpringApplication.run(SpringApplication.java:304)
	at org.springframework.boot.test.context.SpringBootContextLoader.loadContext(SpringBootContextLoader.java:121)
	at org.springframework.test.context.cache.DefaultCacheAwareContextLoaderDelegate.loadContextInternal(DefaultCacheAwareContextLoaderDelegate.java:98)
	at org.springframework.test.context.cache.DefaultCacheAwareContextLoaderDelegate.loadContext(DefaultCacheAwareContextLoaderDelegate.java:116)
	... 50 more
Caused by: java.io.IOException: Failed to bind
	at io.grpc.netty.NettyServer.start(NettyServer.java:246)
	at io.grpc.internal.ServerImpl.start(ServerImpl.java:184)
	at io.grpc.internal.ServerImpl.start(ServerImpl.java:90)
	at org.lognet.springboot.grpc.GRpcServerRunner.run(GRpcServerRunner.java:91)
	at org.springframework.boot.SpringApplication.callRunner(SpringApplication.java:732)
	... 56 more
Caused by: java.net.BindException: Address already in use
	at sun.nio.ch.Net.bind0(Native Method)
	at sun.nio.ch.Net.bind(Net.java:433)
	at sun.nio.ch.Net.bind(Net.java:425)
	at sun.nio.ch.ServerSocketChannelImpl.bind(ServerSocketChannelImpl.java:223)
	at io.netty.channel.socket.nio.NioServerSocketChannel.doBind(NioServerSocketChannel.java:132)
	at io.netty.channel.AbstractChannel$AbstractUnsafe.bind(AbstractChannel.java:551)
	at io.netty.channel.DefaultChannelPipeline$HeadContext.bind(DefaultChannelPipeline.java:1345)
	at io.netty.channel.AbstractChannelHandlerContext.invokeBind(AbstractChannelHandlerContext.java:503)
	at io.netty.channel.AbstractChannelHandlerContext.bind(AbstractChannelHandlerContext.java:488)
	at io.netty.channel.DefaultChannelPipeline.bind(DefaultChannelPipeline.java:984)
	at io.netty.channel.AbstractChannel.bind(AbstractChannel.java:247)
	at io.netty.bootstrap.AbstractBootstrap$2.run(AbstractBootstrap.java:355)
	at io.netty.util.concurrent.AbstractEventExecutor.safeExecute(AbstractEventExecutor.java:163)
	at io.netty.util.concurrent.SingleThreadEventExecutor.runAllTasks(SingleThreadEventExecutor.java:416)
	at io.netty.channel.nio.NioEventLoop.run(NioEventLoop.java:515)
	at io.netty.util.concurrent.SingleThreadEventExecutor$5.run(SingleThreadEventExecutor.java:918)
	at io.netty.util.internal.ThreadExecutorMap$2.run(ThreadExecutorMap.java:74)
	at io.netty.util.concurrent.FastThreadLocalRunnable.run(FastThreadLocalRunnable.java:30)
	... 1 more
</failure>
  </testcase>
  <system-out><![CDATA[08:49:47.922 [Test worker] DEBUG org.springframework.test.context.junit4.SpringJUnit4ClassRunner - SpringJUnit4ClassRunner constructor called with [class org.lognet.springboot.grpc.OrderedInterceptorsTest]
08:49:47.943 [Test worker] DEBUG org.springframework.test.context.BootstrapUtils - Instantiating CacheAwareContextLoaderDelegate from class [org.springframework.test.context.cache.DefaultCacheAwareContextLoaderDelegate]
08:49:47.965 [Test worker] DEBUG org.springframework.test.context.BootstrapUtils - Instantiating BootstrapContext using constructor [public org.springframework.test.context.support.DefaultBootstrapContext(java.lang.Class,org.springframework.test.context.CacheAwareContextLoaderDelegate)]
08:49:48.000 [Test worker] DEBUG org.springframework.test.context.BootstrapUtils - Instantiating TestContextBootstrapper for test class [org.lognet.springboot.grpc.OrderedInterceptorsTest] from class [org.springframework.boot.test.context.SpringBootTestContextBootstrapper]
08:49:48.023 [Test worker] INFO org.springframework.boot.test.context.SpringBootTestContextBootstrapper - Neither @ContextConfiguration nor @ContextHierarchy found for test class [org.lognet.springboot.grpc.OrderedInterceptorsTest], using SpringBootContextLoader
08:49:48.031 [Test worker] DEBUG org.springframework.test.context.support.AbstractContextLoader - Did not detect default resource location for test class [org.lognet.springboot.grpc.OrderedInterceptorsTest]: class path resource [org/lognet/springboot/grpc/OrderedInterceptorsTest-context.xml] does not exist
08:49:48.032 [Test worker] DEBUG org.springframework.test.context.support.AbstractContextLoader - Did not detect default resource location for test class [org.lognet.springboot.grpc.OrderedInterceptorsTest]: class path resource [org/lognet/springboot/grpc/OrderedInterceptorsTestContext.groovy] does not exist
08:49:48.032 [Test worker] INFO org.springframework.test.context.support.AbstractContextLoader - Could not detect default resource locations for test class [org.lognet.springboot.grpc.OrderedInterceptorsTest]: no resource found for suffixes {-context.xml, Context.groovy}.
08:49:48.116 [Test worker] DEBUG org.springframework.test.context.support.ActiveProfilesUtils - Could not find an 'annotation declaring class' for annotation type [org.springframework.test.context.ActiveProfiles] and class [org.lognet.springboot.grpc.OrderedInterceptorsTest]
08:49:48.160 [Test worker] DEBUG org.springframework.boot.test.context.SpringBootTestContextBootstrapper - @TestExecutionListeners is not present for class [org.lognet.springboot.grpc.OrderedInterceptorsTest]: using defaults.
08:49:48.164 [Test worker] INFO org.springframework.boot.test.context.SpringBootTestContextBootstrapper - Loaded default TestExecutionListener class names from location [META-INF/spring.factories]: [org.springframework.boot.test.autoconfigure.restdocs.RestDocsTestExecutionListener, org.springframework.boot.test.autoconfigure.web.client.MockRestServiceServerResetTestExecutionListener, org.springframework.boot.test.autoconfigure.web.servlet.MockMvcPrintOnlyOnFailureTestExecutionListener, org.springframework.boot.test.autoconfigure.web.servlet.WebDriverTestExecutionListener, org.springframework.boot.test.mock.mockito.MockitoTestExecutionListener, org.springframework.boot.test.mock.mockito.ResetMocksTestExecutionListener, org.springframework.test.context.web.ServletTestExecutionListener, org.springframework.test.context.support.DirtiesContextBeforeModesTestExecutionListener, org.springframework.test.context.support.DependencyInjectionTestExecutionListener, org.springframework.test.context.support.DirtiesContextTestExecutionListener, org.springframework.test.context.transaction.TransactionalTestExecutionListener, org.springframework.test.context.jdbc.SqlScriptsTestExecutionListener]
08:49:48.190 [Test worker] DEBUG org.springframework.boot.test.context.SpringBootTestContextBootstrapper - Could not instantiate TestExecutionListener [org.springframework.test.context.transaction.TransactionalTestExecutionListener]. Specify custom listener classes or make the default listener classes (and their required dependencies) available. Offending class: [org/springframework/transaction/interceptor/TransactionAttributeSource]
08:49:48.191 [Test worker] DEBUG org.springframework.boot.test.context.SpringBootTestContextBootstrapper - Could not instantiate TestExecutionListener [org.springframework.test.context.jdbc.SqlScriptsTestExecutionListener]. Specify custom listener classes or make the default listener classes (and their required dependencies) available. Offending class: [org/springframework/transaction/interceptor/TransactionAttribute]
08:49:48.192 [Test worker] INFO org.springframework.boot.test.context.SpringBootTestContextBootstrapper - Using TestExecutionListeners: [org.springframework.test.context.web.ServletTestExecutionListener@5fb9b8c8, org.springframework.test.context.support.DirtiesContextBeforeModesTestExecutionListener@b23ba8e, org.springframework.boot.test.mock.mockito.MockitoTestExecutionListener@456e3224, org.springframework.boot.test.autoconfigure.SpringBootDependencyInjectionTestExecutionListener@69b38c1e, org.springframework.test.context.support.DirtiesContextTestExecutionListener@7bde1618, org.springframework.boot.test.autoconfigure.restdocs.RestDocsTestExecutionListener@6dbf3427, org.springframework.boot.test.autoconfigure.web.client.MockRestServiceServerResetTestExecutionListener@5974d4a6, org.springframework.boot.test.autoconfigure.web.servlet.MockMvcPrintOnlyOnFailureTestExecutionListener@2cd270ea, org.springframework.boot.test.autoconfigure.web.servlet.WebDriverTestExecutionListener@27b7cdbe, org.springframework.boot.test.mock.mockito.ResetMocksTestExecutionListener@333ddb63]
08:49:48.196 [Test worker] DEBUG org.springframework.test.annotation.ProfileValueUtils - Retrieved @ProfileValueSourceConfiguration [null] for test class [org.lognet.springboot.grpc.OrderedInterceptorsTest]
08:49:48.198 [Test worker] DEBUG org.springframework.test.annotation.ProfileValueUtils - Retrieved ProfileValueSource type [class org.springframework.test.annotation.SystemProfileValueSource] for class [org.lognet.springboot.grpc.OrderedInterceptorsTest]
08:49:48.200 [Test worker] DEBUG org.springframework.test.annotation.ProfileValueUtils - Retrieved @ProfileValueSourceConfiguration [null] for test class [org.lognet.springboot.grpc.OrderedInterceptorsTest]
08:49:48.201 [Test worker] DEBUG org.springframework.test.annotation.ProfileValueUtils - Retrieved ProfileValueSource type [class org.springframework.test.annotation.SystemProfileValueSource] for class [org.lognet.springboot.grpc.OrderedInterceptorsTest]
08:49:48.213 [Test worker] DEBUG org.springframework.test.context.support.AbstractDirtiesContextTestExecutionListener - Before test class: context [DefaultTestContext@78cd9e37 testClass = OrderedInterceptorsTest, testInstance = [null], testMethod = [null], testException = [null], mergedContextConfiguration = [MergedContextConfiguration@7e583674 testClass = OrderedInterceptorsTest, locations = '{}', classes = '{class org.lognet.springboot.grpc.demo.DemoApp, class org.lognet.springboot.grpc.OrderedInterceptorsTest$TheConfiguration, class org.lognet.springboot.grpc.demo.DemoApp, class org.lognet.springboot.grpc.OrderedInterceptorsTest$TheConfiguration}', contextInitializerClasses = '[]', activeProfiles = '{}', propertySourceLocations = '{}', propertySourceProperties = '{grpc.port=7778, org.springframework.boot.test.context.SpringBootTestContextBootstrapper=true}', contextCustomizers = set[org.springframework.boot.test.autoconfigure.properties.PropertyMappingContextCustomizer@0, org.springframework.boot.test.autoconfigure.web.servlet.WebDriverContextCustomizerFactory$Customizer@940f5aa, org.springframework.boot.test.context.SpringBootTestContextCustomizer@107af943, org.springframework.boot.test.context.filter.ExcludeFilterContextCustomizer@513ea2e7, org.springframework.boot.test.json.DuplicateJsonObjectContextCustomizerFactory$DuplicateJsonObjectContextCustomizer@38ce361f, org.springframework.boot.test.mock.mockito.MockitoContextCustomizer@0], contextLoader = 'org.springframework.boot.test.context.SpringBootContextLoader', parent = [null]]], class annotated with @DirtiesContext [false] with mode [null].
08:49:48.216 [Test worker] DEBUG org.springframework.test.annotation.ProfileValueUtils - Retrieved @ProfileValueSourceConfiguration [null] for test class [org.lognet.springboot.grpc.OrderedInterceptorsTest]
08:49:48.217 [Test worker] DEBUG org.springframework.test.annotation.ProfileValueUtils - Retrieved ProfileValueSource type [class org.springframework.test.annotation.SystemProfileValueSource] for class [org.lognet.springboot.grpc.OrderedInterceptorsTest]
08:49:48.226 [Test worker] DEBUG org.springframework.test.context.support.DependencyInjectionTestExecutionListener - Performing dependency injection for test context [[DefaultTestContext@78cd9e37 testClass = OrderedInterceptorsTest, testInstance = org.lognet.springboot.grpc.OrderedInterceptorsTest@4f116f2e, testMethod = [null], testException = [null], mergedContextConfiguration = [MergedContextConfiguration@7e583674 testClass = OrderedInterceptorsTest, locations = '{}', classes = '{class org.lognet.springboot.grpc.demo.DemoApp, class org.lognet.springboot.grpc.OrderedInterceptorsTest$TheConfiguration, class org.lognet.springboot.grpc.demo.DemoApp, class org.lognet.springboot.grpc.OrderedInterceptorsTest$TheConfiguration}', contextInitializerClasses = '[]', activeProfiles = '{}', propertySourceLocations = '{}', propertySourceProperties = '{grpc.port=7778, org.springframework.boot.test.context.SpringBootTestContextBootstrapper=true}', contextCustomizers = set[org.springframework.boot.test.autoconfigure.properties.PropertyMappingContextCustomizer@0, org.springframework.boot.test.autoconfigure.web.servlet.WebDriverContextCustomizerFactory$Customizer@940f5aa, org.springframework.boot.test.context.SpringBootTestContextCustomizer@107af943, org.springframework.boot.test.context.filter.ExcludeFilterContextCustomizer@513ea2e7, org.springframework.boot.test.json.DuplicateJsonObjectContextCustomizerFactory$DuplicateJsonObjectContextCustomizer@38ce361f, org.springframework.boot.test.mock.mockito.MockitoContextCustomizer@0], contextLoader = 'org.springframework.boot.test.context.SpringBootContextLoader', parent = [null]]]].
08:49:48.443 [Test worker] DEBUG org.springframework.core.env.StandardEnvironment - Adding PropertySource 'systemProperties' with lowest search precedence
08:49:48.445 [Test worker] DEBUG org.springframework.core.env.StandardEnvironment - Adding PropertySource 'systemEnvironment' with lowest search precedence
08:49:48.446 [Test worker] DEBUG org.springframework.core.env.StandardEnvironment - Initialized StandardEnvironment with PropertySources [MapPropertySource@2034662687 {name='systemProperties', properties={java.runtime.name=Java(TM) SE Runtime Environment, sun.boot.library.path=/Library/Java/JavaVirtualMachines/jdk1.8.0_251.jdk/Contents/Home/jre/lib, java.vm.version=25.251-b08, gopherProxySet=false, java.vm.vendor=Oracle Corporation, java.vendor.url=http://java.oracle.com/, path.separator=:, java.vm.name=Java HotSpot(TM) 64-Bit Server VM, file.encoding.pkg=sun.io, sun.java.launcher=SUN_STANDARD, user.country=IN, sun.os.patch.level=unknown, java.vm.specification.name=Java Virtual Machine Specification, user.dir=/Users/sjadadhw/Documents/T-480-Backup/Projects/Learnings/Microservices/Code/grpc-springboot/grpc-spring-boot-starter-demo, java.runtime.version=1.8.0_251-b08, java.awt.graphicsenv=sun.awt.CGraphicsEnvironment, java.endorsed.dirs=/Library/Java/JavaVirtualMachines/jdk1.8.0_251.jdk/Contents/Home/jre/lib/endorsed, os.arch=x86_64, java.io.tmpdir=/var/folders/fb/pq8w1v851j3f2kb1kvhslzc5sftx3h/T/, line.separator=
, java.vm.specification.vendor=Oracle Corporation, user.variant=, os.name=Mac OS X, sun.jnu.encoding=UTF-8, java.library.path=/Users/sjadadhw/Library/Java/Extensions:/Library/Java/Extensions:/Network/Library/Java/Extensions:/System/Library/Java/Extensions:/usr/lib/java:., java.specification.name=Java Platform API Specification, java.class.version=52.0, org.gradle.native=false, sun.management.compiler=HotSpot 64-Bit Tiered Compilers, os.version=10.15.4, user.home=/Users/sjadadhw, user.timezone=Asia/Kolkata, java.awt.printerjob=sun.lwawt.macosx.CPrinterJob, file.encoding=UTF-8, java.specification.version=1.8, java.class.path=/Users/sjadadhw/Documents/T-480-Backup/Projects/Learnings/Microservices/Code/grpc-springboot/grpc-spring-boot-starter-demo/build/classes/java/test:/Users/sjadadhw/Documents/T-480-Backup/Projects/Learnings/Microservices/Code/grpc-springboot/grpc-spring-boot-starter-demo/build/resources/test:/Users/sjadadhw/Documents/T-480-Backup/Projects/Learnings/Microservices/Code/grpc-springboot/grpc-spring-boot-starter-demo/build/classes/java/main:/Users/sjadadhw/Documents/T-480-Backup/Projects/Learnings/Microservices/Code/grpc-springboot/grpc-spring-boot-starter-demo/build/resources/main:/Users/sjadadhw/.gradle/caches/modules-2/files-2.1/org.springframework.boot/spring-boot-starter-actuator/1.5.13.RELEASE/956fba3e62b8dcc012522c0ff11d2f484eb3cb10/spring-boot-starter-actuator-1.5.13.RELEASE.jar:/Users/sjadadhw/.gradle/caches/modules-2/files-2.1/org.springframework.boot/spring-boot-starter-web/1.5.13.RELEASE/4f77e9c01c13dfe035ebc4b6482da57b5e590b9b/spring-boot-starter-web-1.5.13.RELEASE.jar:/Users/sjadadhw/Documents/T-480-Backup/Projects/Learnings/Microservices/Code/grpc-springboot/grpc-spring-boot-starter/build/libs/grpc-spring-boot-starter-3.4.4-SNAPSHOT.jar:/Users/sjadadhw/.gradle/caches/modules-2/files-2.1/org.springframework.boot/spring-boot-starter-aop/1.5.13.RELEASE/ab1b1c99bc641551f2d572516eb5eb536799a7c9/spring-boot-starter-aop-1.5.13.RELEASE.jar:/Users/sjadadhw/.gradle/caches/modules-2/files-2.1/org.springframework.boot/spring-boot-starter-test/1.5.13.RELEASE/d95942a1b5650e9a4ec83f64642c8720adabfdb2/spring-boot-starter-test-1.5.13.RELEASE.jar:/Users/sjadadhw/.gradle/caches/modules-2/files-2.1/com.github.stefanbirkner/system-rules/1.18.0/4d95a6c83a298c60195c74b8cce3cc094e56dbb/system-rules-1.18.0.jar:/Users/sjadadhw/.gradle/caches/modules-2/files-2.1/org.springframework.boot/spring-boot-starter/1.5.13.RELEASE/908f50d2df2fc4c7db1753da43d2de9c6d16d0e5/spring-boot-starter-1.5.13.RELEASE.jar:/Users/sjadadhw/.gradle/caches/modules-2/files-2.1/org.springframework.boot/spring-boot-actuator/1.5.13.RELEASE/88c1f8f27c70a6efc5a78e99566bf50e107a0c91/spring-boot-actuator-1.5.13.RELEASE.jar:/Users/sjadadhw/.gradle/caches/modules-2/files-2.1/org.springframework.boot/spring-boot-starter-tomcat/1.5.13.RELEASE/880f4c4af539e228091babfb0e5aaea18130f6f6/spring-boot-starter-tomcat-1.5.13.RELEASE.jar:/Users/sjadadhw/.gradle/caches/modules-2/files-2.1/org.hibernate/hibernate-validator/5.3.6.Final/4c730be8bf55a8e9a61e79a2f2c079abf48b718/hibernate-validator-5.3.6.Final.jar:/Users/sjadadhw/.gradle/caches/modules-2/files-2.1/com.fasterxml.jackson.core/jackson-databind/2.8.11.1/341edc63fdd8b44e17b2c36abbc9b451d8fd05a5/jackson-databind-2.8.11.1.jar:/Users/sjadadhw/.gradle/caches/modules-2/files-2.1/org.springframework/spring-webmvc/4.3.17.RELEASE/ee8dd0c586481e795787dc8b28a39e0418cb8fa2/spring-webmvc-4.3.17.RELEASE.jar:/Users/sjadadhw/.gradle/caches/modules-2/files-2.1/org.springframework/spring-web/4.3.17.RELEASE/2786be085d48f0b6d304a89cbbd186a969aa92aa/spring-web-4.3.17.RELEASE.jar:/Users/sjadadhw/.gradle/caches/modules-2/files-2.1/io.grpc/grpc-netty/1.24.0/7a9669aa35f447d5181edc1b4f4e887128c045b/grpc-netty-1.24.0.jar:/Users/sjadadhw/.gradle/caches/modules-2/files-2.1/io.grpc/grpc-services/1.24.0/a81d4825a3d402578cc3dd416e4a70f60c6be7aa/grpc-services-1.24.0.jar:/Users/sjadadhw/.gradle/caches/modules-2/files-2.1/io.netty/netty-tcnative-boringssl-static/2.0.25.Final/185980556f9f083b5339825f19c9641c6c879417/netty-tcnative-boringssl-static-2.0.25.Final.jar:/Users/sjadadhw/.gradle/caches/modules-2/files-2.1/org.springframework.boot/spring-boot-test-autoconfigure/1.5.13.RELEASE/dee40ade119e2d69de4595b0c8becd71ad75b6ea/spring-boot-test-autoconfigure-1.5.13.RELEASE.jar:/Users/sjadadhw/.gradle/caches/modules-2/files-2.1/org.springframework.boot/spring-boot-test/1.5.13.RELEASE/8eb4c6dc64592adca85a16382c63f6a3460b3d1f/spring-boot-test-1.5.13.RELEASE.jar:/Users/sjadadhw/.gradle/caches/modules-2/files-2.1/org.springframework.boot/spring-boot-autoconfigure/1.5.13.RELEASE/2a08d6cb4a921fd0a58a162669da9f39d5df449c/spring-boot-autoconfigure-1.5.13.RELEASE.jar:/Users/sjadadhw/.gradle/caches/modules-2/files-2.1/org.springframework.boot/spring-boot/1.5.13.RELEASE/24f1f2ba3af3409ec1829e116a689ffebcaf300a/spring-boot-1.5.13.RELEASE.jar:/Users/sjadadhw/.gradle/caches/modules-2/files-2.1/org.springframework/spring-context/4.3.17.RELEASE/68b87279ada66e04df251917c839a604ceff82f0/spring-context-4.3.17.RELEASE.jar:/Users/sjadadhw/.gradle/caches/modules-2/files-2.1/org.springframework/spring-aop/4.3.17.RELEASE/b83e9434298106e7705b31150aee2d4e0fb2cf61/spring-aop-4.3.17.RELEASE.jar:/Users/sjadadhw/.gradle/caches/modules-2/files-2.1/org.aspectj/aspectjweaver/1.8.13/ad94df2a28d658a40dc27bbaff6a1ce5fbf04e9b/aspectjweaver-1.8.13.jar:/Users/sjadadhw/.gradle/caches/modules-2/files-2.1/com.jayway.jsonpath/json-path/2.2.0/22290d17944bd239fabf5ac69005a60a7ecbbbcb/json-path-2.2.0.jar:/Users/sjadadhw/.gradle/caches/modules-2/files-2.1/junit/junit/4.12/2973d150c0dc1fefe998f834810d68f278ea58ec/junit-4.12.jar:/Users/sjadadhw/.gradle/caches/modules-2/files-2.1/org.assertj/assertj-core/2.6.0/b532c3fc4f66bcfee4989a3514f1cd56203a33ad/assertj-core-2.6.0.jar:/Users/sjadadhw/.gradle/caches/modules-2/files-2.1/org.mockito/mockito-core/1.10.19/e8546f5bef4e061d8dd73895b4e8f40e3fe6effe/mockito-core-1.10.19.jar:/Users/sjadadhw/.gradle/caches/modules-2/files-2.1/org.hamcrest/hamcrest-library/1.3/4785a3c21320980282f9f33d0d1264a69040538f/hamcrest-library-1.3.jar:/Users/sjadadhw/.gradle/caches/modules-2/files-2.1/org.hamcrest/hamcrest-core/1.3/42a25dc3219429f0e5d060061f71acb49bf010a0/hamcrest-core-1.3.jar:/Users/sjadadhw/.gradle/caches/modules-2/files-2.1/org.skyscreamer/jsonassert/1.4.0/9cdbb373a06f6513e51e8c545ee6a5e981463edb/jsonassert-1.4.0.jar:/Users/sjadadhw/.gradle/caches/modules-2/files-2.1/org.springframework/spring-test/4.3.17.RELEASE/e35e710720cb3cee1efa3c9cd2f7dc80e579950d/spring-test-4.3.17.RELEASE.jar:/Users/sjadadhw/.gradle/caches/modules-2/files-2.1/org.springframework/spring-beans/4.3.17.RELEASE/6f8ce46b6f446b8875f0b3160b6b1978973d4d0b/spring-beans-4.3.17.RELEASE.jar:/Users/sjadadhw/.gradle/caches/modules-2/files-2.1/org.springframework/spring-expression/4.3.17.RELEASE/a7ed4d874c28aca9ad8cd1a65c58eb62c05994b7/spring-expression-4.3.17.RELEASE.jar:/Users/sjadadhw/.gradle/caches/modules-2/files-2.1/org.springframework/spring-core/4.3.17.RELEASE/77814c99de6f8282c64a4d604024c70e238037ae/spring-core-4.3.17.RELEASE.jar:/Users/sjadadhw/.gradle/caches/modules-2/files-2.1/org.springframework.boot/spring-boot-starter-logging/1.5.13.RELEASE/1784b184be3b59ad81ec6ac54d03c950f3d5c263/spring-boot-starter-logging-1.5.13.RELEASE.jar:/Users/sjadadhw/.gradle/caches/modules-2/files-2.1/org.yaml/snakeyaml/1.17/7a27ea250c5130b2922b86dea63cbb1cc10a660c/snakeyaml-1.17.jar:/Users/sjadadhw/.gradle/caches/modules-2/files-2.1/org.apache.tomcat.embed/tomcat-embed-websocket/8.5.31/6564e716b89de5eaa0dd234ae7989576503ddf3/tomcat-embed-websocket-8.5.31.jar:/Users/sjadadhw/.gradle/caches/modules-2/files-2.1/org.apache.tomcat.embed/tomcat-embed-core/8.5.31/f5adf7ed8c34aa005b22b6a2dc7b6796e10e9c79/tomcat-embed-core-8.5.31.jar:/Users/sjadadhw/.gradle/caches/modules-2/files-2.1/org.apache.tomcat.embed/tomcat-embed-el/8.5.31/3a536e1ac71b82627c3a7408eb38fa0704cb9034/tomcat-embed-el-8.5.31.jar:/Users/sjadadhw/.gradle/caches/modules-2/files-2.1/javax.validation/validation-api/1.1.0.Final/8613ae82954779d518631e05daa73a6a954817d5/validation-api-1.1.0.Final.jar:/Users/sjadadhw/.gradle/caches/modules-2/files-2.1/org.jboss.logging/jboss-logging/3.3.2.Final/3789d00e859632e6c6206adc0c71625559e6e3b0/jboss-logging-3.3.2.Final.jar:/Users/sjadadhw/.gradle/caches/modules-2/files-2.1/com.fasterxml/classmate/1.3.4/3d5f48f10bbe4eb7bd862f10c0583be2e0053c6/classmate-1.3.4.jar:/Users/sjadadhw/.gradle/caches/modules-2/files-2.1/com.fasterxml.jackson.core/jackson-annotations/2.8.0/45b426f7796b741035581a176744d91090e2e6fb/jackson-annotations-2.8.0.jar:/Users/sjadadhw/.gradle/caches/modules-2/files-2.1/com.fasterxml.jackson.core/jackson-core/2.8.11/876ead1db19f0c9e79c9789273a3ef8c6fd6c29b/jackson-core-2.8.11.jar:/Users/sjadadhw/.gradle/caches/modules-2/files-2.1/io.grpc/grpc-core/1.24.0/efa08ef8d3d1de2a05fbb9b4c34ad6a053176206/grpc-core-1.24.0.jar:/Users/sjadadhw/.gradle/caches/modules-2/files-2.1/io.netty/netty-codec-http2/4.1.38.Final/dc353dd011c512d5e631a4bee517b17ed3155c1/netty-codec-http2-4.1.38.Final.jar:/Users/sjadadhw/.gradle/caches/modules-2/files-2.1/io.netty/netty-handler-proxy/4.1.38.Final/dbb09abb0c9c494cb651234eed428189eb730872/netty-handler-proxy-4.1.38.Final.jar:/Users/sjadadhw/.gradle/caches/modules-2/files-2.1/io.grpc/grpc-protobuf/1.24.0/b584bf5e69fa8794a9184c1cf66d4c690f21cbc4/grpc-protobuf-1.24.0.jar:/Users/sjadadhw/.gradle/caches/modules-2/files-2.1/io.grpc/grpc-stub/1.24.0/7bd32e6bed0389b4d547ac617840c5ebd54768fd/grpc-stub-1.24.0.jar:/Users/sjadadhw/.gradle/caches/modules-2/files-2.1/com.google.protobuf/protobuf-java-util/3.9.0/30d7224df15d246c19a5193f8123b070c9cc0696/protobuf-java-util-3.9.0.jar:/Users/sjadadhw/.gradle/caches/modules-2/files-2.1/net.minidev/json-smart/2.2.1/5b9e5df7a62d1279b70dc882b041d249c4f0b002/json-smart-2.2.1.jar:/Users/sjadadhw/.gradle/caches/modules-2/files-2.1/ch.qos.logback/logback-classic/1.1.11/ccedfbacef4a6515d2983e3f89ed753d5d4fb665/logback-classic-1.1.11.jar:/Users/sjadadhw/.gradle/caches/modules-2/files-2.1/org.slf4j/jcl-over-slf4j/1.7.25/f8c32b13ff142a513eeb5b6330b1588dcb2c0461/jcl-over-slf4j-1.7.25.jar:/Users/sjadadhw/.gradle/caches/modules-2/files-2.1/org.slf4j/jul-to-slf4j/1.7.25/af5364cd6679bfffb114f0dec8a157aaa283b76/jul-to-slf4j-1.7.25.jar:/Users/sjadadhw/.gradle/caches/modules-2/files-2.1/org.slf4j/log4j-over-slf4j/1.7.25/a87bb47468f47ee7aabbd54f93e133d4215769c3/log4j-over-slf4j-1.7.25.jar:/Users/sjadadhw/.gradle/caches/modules-2/files-2.1/org.slf4j/slf4j-api/1.7.25/da76ca59f6a57ee3102f8f9bd9cee742973efa8a/slf4j-api-1.7.25.jar:/Users/sjadadhw/.gradle/caches/modules-2/files-2.1/org.objenesis/objenesis/2.1/87c0ea803b69252868d09308b4618f766f135a96/objenesis-2.1.jar:/Users/sjadadhw/.gradle/caches/modules-2/files-2.1/com.vaadin.external.google/android-json/0.0.20131108.vaadin1/fa26d351fe62a6a17f5cda1287c1c6110dec413f/android-json-0.0.20131108.vaadin1.jar:/Users/sjadadhw/.gradle/caches/modules-2/files-2.1/org.apache.tomcat/tomcat-annotations-api/8.5.31/f0758d8b5d1404cc25f98945bdd5959699658b4a/tomcat-annotations-api-8.5.31.jar:/Users/sjadadhw/.gradle/caches/modules-2/files-2.1/io.grpc/grpc-protobuf-lite/1.24.0/be683c469b7652dc130d2304bdb32379816a4ccc/grpc-protobuf-lite-1.24.0.jar:/Users/sjadadhw/.gradle/caches/modules-2/files-2.1/io.grpc/grpc-api/1.24.0/2b21b84ab14f632b01281ef2d616a3ed96588f17/grpc-api-1.24.0.jar:/Users/sjadadhw/.gradle/caches/modules-2/files-2.1/com.google.code.gson/gson/2.8.4/d0de1ca9b69e69d1d497ee3c6009d015f64dad57/gson-2.8.4.jar:/Users/sjadadhw/.gradle/caches/modules-2/files-2.1/com.google.android/annotations/4.1.1.4/a1678ba907bf92691d879fef34e1a187038f9259/annotations-4.1.1.4.jar:/Users/sjadadhw/.gradle/caches/modules-2/files-2.1/io.perfmark/perfmark-api/0.17.0/97e81005e3a7f537366ffdf20e11e050303b58c1/perfmark-api-0.17.0.jar:/Users/sjadadhw/.gradle/caches/modules-2/files-2.1/io.opencensus/opencensus-contrib-grpc-metrics/0.21.0/f07d3a325f1fe69ee40d6b409086964edfef4e69/opencensus-contrib-grpc-metrics-0.21.0.jar:/Users/sjadadhw/.gradle/caches/modules-2/files-2.1/io.opencensus/opencensus-api/0.21.0/73c07fe6458840443f670b21c7bf57657093b4e1/opencensus-api-0.21.0.jar:/Users/sjadadhw/.gradle/caches/modules-2/files-2.1/io.netty/netty-codec-http/4.1.38.Final/4d55b3cdb74cd140d262de96987ebd369125a64c/netty-codec-http-4.1.38.Final.jar:/Users/sjadadhw/.gradle/caches/modules-2/files-2.1/io.netty/netty-handler/4.1.38.Final/ebf1f2bd0dad5e16aa1fc48d32e5dbe507b38d53/netty-handler-4.1.38.Final.jar:/Users/sjadadhw/.gradle/caches/modules-2/files-2.1/io.netty/netty-codec-socks/4.1.38.Final/9a6b2c27383061ac9b6de10e6f0f81a7283216f5/netty-codec-socks-4.1.38.Final.jar:/Users/sjadadhw/.gradle/caches/modules-2/files-2.1/io.netty/netty-codec/4.1.38.Final/ccfbdfc727cbf702350572a0b12fe92185ebf162/netty-codec-4.1.38.Final.jar:/Users/sjadadhw/.gradle/caches/modules-2/files-2.1/io.netty/netty-transport/4.1.38.Final/cd8b612d5daa42d1be3bb3203e4857597d5db79b/netty-transport-4.1.38.Final.jar:/Users/sjadadhw/.gradle/caches/modules-2/files-2.1/io.netty/netty-buffer/4.1.38.Final/d16cf15d29c409987cecde77407fbb6f1e16d262/netty-buffer-4.1.38.Final.jar:/Users/sjadadhw/.gradle/caches/modules-2/files-2.1/io.netty/netty-resolver/4.1.38.Final/b00be4aa309e9b56e498191aa8c73e4f393759ed/netty-resolver-4.1.38.Final.jar:/Users/sjadadhw/.gradle/caches/modules-2/files-2.1/io.netty/netty-common/4.1.38.Final/6f8aae763f743d91fb1ba1e9011dae0ef4f6ff34/netty-common-4.1.38.Final.jar:/Users/sjadadhw/.gradle/caches/modules-2/files-2.1/com.google.protobuf/protobuf-java/3.9.0/2adef7d20542c18530c46295b32bc26371dfd9b1/protobuf-java-3.9.0.jar:/Users/sjadadhw/.gradle/caches/modules-2/files-2.1/com.google.guava/guava/26.0-android/ef69663836b339db335fde0df06fb3cd84e3742b/guava-26.0-android.jar:/Users/sjadadhw/.gradle/caches/modules-2/files-2.1/com.google.api.grpc/proto-google-common-protos/1.12.0/1140cc74df039deb044ed0e320035e674dc13062/proto-google-common-protos-1.12.0.jar:/Users/sjadadhw/.gradle/caches/modules-2/files-2.1/com.google.errorprone/error_prone_annotations/2.3.2/d1a0c5032570e0f64be6b4d9c90cdeb103129029/error_prone_annotations-2.3.2.jar:/Users/sjadadhw/.gradle/caches/modules-2/files-2.1/net.minidev/accessors-smart/1.1/a527213f2fea112a04c9bdf0ec0264e34104cd08/accessors-smart-1.1.jar:/Users/sjadadhw/.gradle/caches/modules-2/files-2.1/ch.qos.logback/logback-core/1.1.11/88b8df40340eed549fb07e2613879bf6b006704d/logback-core-1.1.11.jar:/Users/sjadadhw/.gradle/caches/modules-2/files-2.1/io.grpc/grpc-context/1.24.0/abfd83c3b1a8a0fbc12db3529a339b693056f496/grpc-context-1.24.0.jar:/Users/sjadadhw/.gradle/caches/modules-2/files-2.1/com.google.code.findbugs/jsr305/3.0.2/25ea2e8b0c338a877313bd4672d3fe056ea78f0d/jsr305-3.0.2.jar:/Users/sjadadhw/.gradle/caches/modules-2/files-2.1/org.codehaus.mojo/animal-sniffer-annotations/1.17/f97ce6decaea32b36101e37979f8b647f00681fb/animal-sniffer-annotations-1.17.jar:/Users/sjadadhw/.gradle/caches/modules-2/files-2.1/org.checkerframework/checker-compat-qual/2.5.2/dc0b20906c9e4b9724af29d11604efa574066892/checker-compat-qual-2.5.2.jar:/Users/sjadadhw/.gradle/caches/modules-2/files-2.1/com.google.j2objc/j2objc-annotations/1.1/ed28ded51a8b1c6b112568def5f4b455e6809019/j2objc-annotations-1.1.jar:/Users/sjadadhw/.gradle/caches/modules-2/files-2.1/org.ow2.asm/asm/5.0.3/dcc2193db20e19e1feca8b1240dbbc4e190824fa/asm-5.0.3.jar, user.name=sjadadhw, java.vm.specification.version=1.8, sun.java.command=worker.org.gradle.process.internal.worker.GradleWorkerMain 'Gradle Test Executor 6', java.home=/Library/Java/JavaVirtualMachines/jdk1.8.0_251.jdk/Contents/Home/jre, sun.arch.data.model=64, user.language=en, java.specification.vendor=Oracle Corporation, awt.toolkit=sun.lwawt.macosx.LWCToolkit, java.vm.info=mixed mode, java.version=1.8.0_251, java.ext.dirs=/Users/sjadadhw/Library/Java/Extensions:/Library/Java/JavaVirtualMachines/jdk1.8.0_251.jdk/Contents/Home/jre/lib/ext:/Library/Java/Extensions:/Network/Library/Java/Extensions:/System/Library/Java/Extensions:/usr/lib/java, sun.boot.class.path=/Library/Java/JavaVirtualMachines/jdk1.8.0_251.jdk/Contents/Home/jre/lib/resources.jar:/Library/Java/JavaVirtualMachines/jdk1.8.0_251.jdk/Contents/Home/jre/lib/rt.jar:/Library/Java/JavaVirtualMachines/jdk1.8.0_251.jdk/Contents/Home/jre/lib/sunrsasign.jar:/Library/Java/JavaVirtualMachines/jdk1.8.0_251.jdk/Contents/Home/jre/lib/jsse.jar:/Library/Java/JavaVirtualMachines/jdk1.8.0_251.jdk/Contents/Home/jre/lib/jce.jar:/Library/Java/JavaVirtualMachines/jdk1.8.0_251.jdk/Contents/Home/jre/lib/charsets.jar:/Library/Java/JavaVirtualMachines/jdk1.8.0_251.jdk/Contents/Home/jre/lib/jfr.jar:/Library/Java/JavaVirtualMachines/jdk1.8.0_251.jdk/Contents/Home/jre/classes, java.vendor=Oracle Corporation, org.gradle.test.worker=6, file.separator=/, java.vendor.url.bug=http://bugreport.sun.com/bugreport/, sun.io.unicode.encoding=UnicodeBig, sun.cpu.endian=little, sun.cpu.isalist=}}, SystemEnvironmentPropertySource@2012022598 {name='systemEnvironment', properties={PATH=/usr/bin:/bin:/usr/sbin:/sbin, JAVA_MAIN_CLASS_42338=worker.org.gradle.process.internal.worker.GradleWorkerMain, SHELL=/bin/bash, APP_ICON_22954=../Resources/sts4.icns, APP_ICON_2577=../Resources/sts4.icns, JAVA_STARTED_ON_FIRST_THREAD_68780=1, USER=sjadadhw, TMPDIR=/var/folders/fb/pq8w1v851j3f2kb1kvhslzc5sftx3h/T/, JAVA_STARTED_ON_FIRST_THREAD_41994=1, SSH_AUTH_SOCK=/private/tmp/com.apple.launchd.oeQ4Z2oQt9/Listeners, XPC_FLAGS=0x0, APP_ICON_68780=../Resources/sts4.icns, __CF_USER_TEXT_ENCODING=0x72ED7470:0x0:0x0, LOGNAME=sjadadhw, JAVA_STARTED_ON_FIRST_THREAD_22954=1, XPC_SERVICE_NAME=0, APP_ICON_41994=../Resources/sts4.icns, HOME=/Users/sjadadhw}}]
08:49:48.453 [Test worker] DEBUG org.springframework.core.env.MutablePropertySources - Adding PropertySource 'inline' with highest search precedence
08:49:48.466 [Test worker] DEBUG org.springframework.test.context.support.TestPropertySourceUtils - Adding inlined properties to environment: {spring.jmx.enabled=false, grpc.port=7778, org.springframework.boot.test.context.SpringBootTestContextBootstrapper=true, server.port=-1}
08:49:48.467 [Test worker] DEBUG org.springframework.core.env.StandardEnvironment - Adding PropertySource 'Inlined Test Properties' with highest search precedence

  .   ____          _            __ _ _
 /\\ / ___'_ __ _ _(_)_ __  __ _ \ \ \ \
( ( )\___ | '_ | '_| | '_ \/ _` | \ \ \ \
 \\/  ___)| |_)| | | | | || (_| |  ) ) ) )
  '  |____| .__|_| |_|_| |_\__, | / / / /
 =========|_|==============|___/=/_/_/_/
 :: Spring Boot ::       (v1.5.13.RELEASE)

2020-07-20 08:49:49.230  INFO 42338 --- [    Test worker] o.l.s.grpc.OrderedInterceptorsTest       : Starting OrderedInterceptorsTest on WKMIN4723941 with PID 42338 (started by sjadadhw in /Users/sjadadhw/Documents/T-480-Backup/Projects/Learnings/Microservices/Code/grpc-springboot/grpc-spring-boot-starter-demo)
2020-07-20 08:49:49.234  INFO 42338 --- [    Test worker] o.l.s.grpc.OrderedInterceptorsTest       : No active profile set, falling back to default profiles: default
2020-07-20 08:49:49.335  INFO 42338 --- [    Test worker] s.c.a.AnnotationConfigApplicationContext : Refreshing org.springframework.context.annotation.AnnotationConfigApplicationContext@4b9c4cfc: startup date [Mon Jul 20 08:49:49 IST 2020]; root of context hierarchy
2020-07-20 08:49:50.376  INFO 42338 --- [    Test worker] o.s.b.f.s.DefaultListableBeanFactory     : Overriding bean definition for bean 'greeterService' with a different definition: replacing [Generic bean: class [org.lognet.springboot.grpc.demo.GreeterService]; scope=singleton; abstract=false; lazyInit=false; autowireMode=0; dependencyCheck=0; autowireCandidate=true; primary=false; factoryBeanName=null; factoryMethodName=null; initMethodName=null; destroyMethodName=null; defined in file [/Users/sjadadhw/Documents/T-480-Backup/Projects/Learnings/Microservices/Code/grpc-springboot/grpc-spring-boot-starter-demo/build/classes/java/main/org/lognet/springboot/grpc/demo/GreeterService.class]] with [Root bean: class [null]; scope=; abstract=false; lazyInit=false; autowireMode=3; dependencyCheck=0; autowireCandidate=true; primary=false; factoryBeanName=demoApp; factoryMethodName=greeterService; initMethodName=null; destroyMethodName=(inferred); defined in org.lognet.springboot.grpc.demo.DemoApp]
2020-07-20 08:49:53.504  INFO 42338 --- [    Test worker] o.l.springboot.grpc.GRpcServerRunner     : Starting gRPC Server ...
2020-07-20 08:49:53.827  INFO 42338 --- [    Test worker] o.l.springboot.grpc.GRpcServerRunner     : 'org.lognet.springboot.grpc.demo.DemoApp$CalculatorService' service has been registered.
2020-07-20 08:49:53.915  INFO 42338 --- [    Test worker] o.l.springboot.grpc.GRpcServerRunner     : 'org.lognet.springboot.grpc.demo.GreeterService' service has been registered.
2020-07-20 08:49:53.935  INFO 42338 --- [    Test worker] o.l.springboot.grpc.GRpcServerRunner     : 'io.grpc.protobuf.services.ProtoReflectionService' service has been registered.
2020-07-20 08:49:54.378  INFO 42338 --- [    Test worker] utoConfigurationReportLoggingInitializer : 

Error starting ApplicationContext. To display the auto-configuration report re-run your application with 'debug' enabled.
2020-07-20 08:49:54.393 ERROR 42338 --- [    Test worker] o.s.boot.SpringApplication               : Application startup failed

java.lang.IllegalStateException: Failed to execute CommandLineRunner
	at org.springframework.boot.SpringApplication.callRunner(SpringApplication.java:735) ~[spring-boot-1.5.13.RELEASE.jar:1.5.13.RELEASE]
	at org.springframework.boot.SpringApplication.callRunners(SpringApplication.java:716) ~[spring-boot-1.5.13.RELEASE.jar:1.5.13.RELEASE]
	at org.springframework.boot.SpringApplication.afterRefresh(SpringApplication.java:703) ~[spring-boot-1.5.13.RELEASE.jar:1.5.13.RELEASE]
	at org.springframework.boot.SpringApplication.run(SpringApplication.java:304) ~[spring-boot-1.5.13.RELEASE.jar:1.5.13.RELEASE]
	at org.springframework.boot.test.context.SpringBootContextLoader.loadContext(SpringBootContextLoader.java:121) [spring-boot-test-1.5.13.RELEASE.jar:1.5.13.RELEASE]
	at org.springframework.test.context.cache.DefaultCacheAwareContextLoaderDelegate.loadContextInternal(DefaultCacheAwareContextLoaderDelegate.java:98) [spring-test-4.3.17.RELEASE.jar:4.3.17.RELEASE]
	at org.springframework.test.context.cache.DefaultCacheAwareContextLoaderDelegate.loadContext(DefaultCacheAwareContextLoaderDelegate.java:116) [spring-test-4.3.17.RELEASE.jar:4.3.17.RELEASE]
	at org.springframework.test.context.support.DefaultTestContext.getApplicationContext(DefaultTestContext.java:83) [spring-test-4.3.17.RELEASE.jar:4.3.17.RELEASE]
	at org.springframework.test.context.support.DependencyInjectionTestExecutionListener.injectDependencies(DependencyInjectionTestExecutionListener.java:117) [spring-test-4.3.17.RELEASE.jar:4.3.17.RELEASE]
	at org.springframework.test.context.support.DependencyInjectionTestExecutionListener.prepareTestInstance(DependencyInjectionTestExecutionListener.java:83) [spring-test-4.3.17.RELEASE.jar:4.3.17.RELEASE]
	at org.springframework.boot.test.autoconfigure.SpringBootDependencyInjectionTestExecutionListener.prepareTestInstance(SpringBootDependencyInjectionTestExecutionListener.java:44) [spring-boot-test-autoconfigure-1.5.13.RELEASE.jar:1.5.13.RELEASE]
	at org.springframework.test.context.TestContextManager.prepareTestInstance(TestContextManager.java:230) [spring-test-4.3.17.RELEASE.jar:4.3.17.RELEASE]
	at org.springframework.test.context.junit4.SpringJUnit4ClassRunner.createTest(SpringJUnit4ClassRunner.java:228) [spring-test-4.3.17.RELEASE.jar:4.3.17.RELEASE]
	at org.springframework.test.context.junit4.SpringJUnit4ClassRunner$1.runReflectiveCall(SpringJUnit4ClassRunner.java:287) [spring-test-4.3.17.RELEASE.jar:4.3.17.RELEASE]
	at org.junit.internal.runners.model.ReflectiveCallable.run(ReflectiveCallable.java:12) [junit-4.12.jar:4.12]
	at org.springframework.test.context.junit4.SpringJUnit4ClassRunner.methodBlock(SpringJUnit4ClassRunner.java:289) [spring-test-4.3.17.RELEASE.jar:4.3.17.RELEASE]
	at org.springframework.test.context.junit4.SpringJUnit4ClassRunner.runChild(SpringJUnit4ClassRunner.java:247) [spring-test-4.3.17.RELEASE.jar:4.3.17.RELEASE]
	at org.springframework.test.context.junit4.SpringJUnit4ClassRunner.runChild(SpringJUnit4ClassRunner.java:94) [spring-test-4.3.17.RELEASE.jar:4.3.17.RELEASE]
	at org.junit.runners.ParentRunner$3.run(ParentRunner.java:290) [junit-4.12.jar:4.12]
	at org.junit.runners.ParentRunner$1.schedule(ParentRunner.java:71) [junit-4.12.jar:4.12]
	at org.junit.runners.ParentRunner.runChildren(ParentRunner.java:288) [junit-4.12.jar:4.12]
	at org.junit.runners.ParentRunner.access$000(ParentRunner.java:58) [junit-4.12.jar:4.12]
	at org.junit.runners.ParentRunner$2.evaluate(ParentRunner.java:268) [junit-4.12.jar:4.12]
	at org.springframework.test.context.junit4.statements.RunBeforeTestClassCallbacks.evaluate(RunBeforeTestClassCallbacks.java:61) [spring-test-4.3.17.RELEASE.jar:4.3.17.RELEASE]
	at org.springframework.test.context.junit4.statements.RunAfterTestClassCallbacks.evaluate(RunAfterTestClassCallbacks.java:70) [spring-test-4.3.17.RELEASE.jar:4.3.17.RELEASE]
	at org.junit.runners.ParentRunner.run(ParentRunner.java:363) [junit-4.12.jar:4.12]
	at org.springframework.test.context.junit4.SpringJUnit4ClassRunner.run(SpringJUnit4ClassRunner.java:191) [spring-test-4.3.17.RELEASE.jar:4.3.17.RELEASE]
	at org.gradle.api.internal.tasks.testing.junit.JUnitTestClassExecutor.runTestClass(JUnitTestClassExecutor.java:106) [gradle-testing-jvm-4.10.jar:4.10]
	at org.gradle.api.internal.tasks.testing.junit.JUnitTestClassExecutor.execute(JUnitTestClassExecutor.java:58) [gradle-testing-jvm-4.10.jar:4.10]
	at org.gradle.api.internal.tasks.testing.junit.JUnitTestClassExecutor.execute(JUnitTestClassExecutor.java:38) [gradle-testing-jvm-4.10.jar:4.10]
	at org.gradle.api.internal.tasks.testing.junit.AbstractJUnitTestClassProcessor.processTestClass(AbstractJUnitTestClassProcessor.java:66) [gradle-testing-jvm-4.10.jar:4.10]
	at org.gradle.api.internal.tasks.testing.SuiteTestClassProcessor.processTestClass(SuiteTestClassProcessor.java:51) [gradle-testing-base-4.10.jar:4.10]
	at sun.reflect.NativeMethodAccessorImpl.invoke0(Native Method) ~[na:1.8.0_251]
	at sun.reflect.NativeMethodAccessorImpl.invoke(NativeMethodAccessorImpl.java:62) ~[na:1.8.0_251]
	at sun.reflect.DelegatingMethodAccessorImpl.invoke(DelegatingMethodAccessorImpl.java:43) ~[na:1.8.0_251]
	at java.lang.reflect.Method.invoke(Method.java:498) ~[na:1.8.0_251]
	at org.gradle.internal.dispatch.ReflectionDispatch.dispatch(ReflectionDispatch.java:35) [gradle-messaging-4.10.jar:4.10]
	at org.gradle.internal.dispatch.ReflectionDispatch.dispatch(ReflectionDispatch.java:24) [gradle-messaging-4.10.jar:4.10]
	at org.gradle.internal.dispatch.ContextClassLoaderDispatch.dispatch(ContextClassLoaderDispatch.java:32) [gradle-messaging-4.10.jar:4.10]
	at org.gradle.internal.dispatch.ProxyDispatchAdapter$DispatchingInvocationHandler.invoke(ProxyDispatchAdapter.java:93) [gradle-messaging-4.10.jar:4.10]
	at com.sun.proxy.$Proxy2.processTestClass(Unknown Source) [na:na]
	at org.gradle.api.internal.tasks.testing.worker.TestWorker.processTestClass(TestWorker.java:117) [gradle-testing-base-4.10.jar:4.10]
	at sun.reflect.NativeMethodAccessorImpl.invoke0(Native Method) ~[na:1.8.0_251]
	at sun.reflect.NativeMethodAccessorImpl.invoke(NativeMethodAccessorImpl.java:62) ~[na:1.8.0_251]
	at sun.reflect.DelegatingMethodAccessorImpl.invoke(DelegatingMethodAccessorImpl.java:43) ~[na:1.8.0_251]
	at java.lang.reflect.Method.invoke(Method.java:498) ~[na:1.8.0_251]
	at org.gradle.internal.dispatch.ReflectionDispatch.dispatch(ReflectionDispatch.java:35) [gradle-messaging-4.10.jar:4.10]
	at org.gradle.internal.dispatch.ReflectionDispatch.dispatch(ReflectionDispatch.java:24) [gradle-messaging-4.10.jar:4.10]
	at org.gradle.internal.remote.internal.hub.MessageHubBackedObjectConnection$DispatchWrapper.dispatch(MessageHubBackedObjectConnection.java:155) [gradle-messaging-4.10.jar:4.10]
	at org.gradle.internal.remote.internal.hub.MessageHubBackedObjectConnection$DispatchWrapper.dispatch(MessageHubBackedObjectConnection.java:137) [gradle-messaging-4.10.jar:4.10]
	at org.gradle.internal.remote.internal.hub.MessageHub$Handler.run(MessageHub.java:404) [gradle-messaging-4.10.jar:4.10]
	at org.gradle.internal.concurrent.ExecutorPolicy$CatchAndRecordFailures.onExecute(ExecutorPolicy.java:63) [gradle-base-services-4.10.jar:4.10]
	at org.gradle.internal.concurrent.ManagedExecutorImpl$1.run(ManagedExecutorImpl.java:46) [gradle-base-services-4.10.jar:4.10]
	at java.util.concurrent.ThreadPoolExecutor.runWorker(ThreadPoolExecutor.java:1149) [na:1.8.0_251]
	at java.util.concurrent.ThreadPoolExecutor$Worker.run(ThreadPoolExecutor.java:624) [na:1.8.0_251]
	at org.gradle.internal.concurrent.ThreadFactoryImpl$ManagedThreadRunnable.run(ThreadFactoryImpl.java:55) [gradle-base-services-4.10.jar:4.10]
	at java.lang.Thread.run(Thread.java:748) [na:1.8.0_251]
Caused by: java.io.IOException: Failed to bind
	at io.grpc.netty.NettyServer.start(NettyServer.java:246) ~[grpc-netty-1.24.0.jar:1.24.0]
	at io.grpc.internal.ServerImpl.start(ServerImpl.java:184) ~[grpc-core-1.24.0.jar:1.24.0]
	at io.grpc.internal.ServerImpl.start(ServerImpl.java:90) ~[grpc-core-1.24.0.jar:1.24.0]
	at org.lognet.springboot.grpc.GRpcServerRunner.run(GRpcServerRunner.java:91) ~[grpc-spring-boot-starter-3.4.4-SNAPSHOT.jar:na]
	at org.springframework.boot.SpringApplication.callRunner(SpringApplication.java:732) ~[spring-boot-1.5.13.RELEASE.jar:1.5.13.RELEASE]
	... 56 common frames omitted
Caused by: java.net.BindException: Address already in use
	at sun.nio.ch.Net.bind0(Native Method) ~[na:1.8.0_251]
	at sun.nio.ch.Net.bind(Net.java:433) ~[na:1.8.0_251]
	at sun.nio.ch.Net.bind(Net.java:425) ~[na:1.8.0_251]
	at sun.nio.ch.ServerSocketChannelImpl.bind(ServerSocketChannelImpl.java:223) ~[na:1.8.0_251]
	at io.netty.channel.socket.nio.NioServerSocketChannel.doBind(NioServerSocketChannel.java:132) ~[netty-transport-4.1.38.Final.jar:4.1.38.Final]
	at io.netty.channel.AbstractChannel$AbstractUnsafe.bind(AbstractChannel.java:551) ~[netty-transport-4.1.38.Final.jar:4.1.38.Final]
	at io.netty.channel.DefaultChannelPipeline$HeadContext.bind(DefaultChannelPipeline.java:1345) ~[netty-transport-4.1.38.Final.jar:4.1.38.Final]
	at io.netty.channel.AbstractChannelHandlerContext.invokeBind(AbstractChannelHandlerContext.java:503) ~[netty-transport-4.1.38.Final.jar:4.1.38.Final]
	at io.netty.channel.AbstractChannelHandlerContext.bind(AbstractChannelHandlerContext.java:488) ~[netty-transport-4.1.38.Final.jar:4.1.38.Final]
	at io.netty.channel.DefaultChannelPipeline.bind(DefaultChannelPipeline.java:984) ~[netty-transport-4.1.38.Final.jar:4.1.38.Final]
	at io.netty.channel.AbstractChannel.bind(AbstractChannel.java:247) ~[netty-transport-4.1.38.Final.jar:4.1.38.Final]
	at io.netty.bootstrap.AbstractBootstrap$2.run(AbstractBootstrap.java:355) ~[netty-transport-4.1.38.Final.jar:4.1.38.Final]
	at io.netty.util.concurrent.AbstractEventExecutor.safeExecute(AbstractEventExecutor.java:163) ~[netty-common-4.1.38.Final.jar:4.1.38.Final]
	at io.netty.util.concurrent.SingleThreadEventExecutor.runAllTasks(SingleThreadEventExecutor.java:416) ~[netty-common-4.1.38.Final.jar:4.1.38.Final]
	at io.netty.channel.nio.NioEventLoop.run(NioEventLoop.java:515) ~[netty-transport-4.1.38.Final.jar:4.1.38.Final]
	at io.netty.util.concurrent.SingleThreadEventExecutor$5.run(SingleThreadEventExecutor.java:918) ~[netty-common-4.1.38.Final.jar:4.1.38.Final]
	at io.netty.util.internal.ThreadExecutorMap$2.run(ThreadExecutorMap.java:74) ~[netty-common-4.1.38.Final.jar:4.1.38.Final]
	at io.netty.util.concurrent.FastThreadLocalRunnable.run(FastThreadLocalRunnable.java:30) ~[netty-common-4.1.38.Final.jar:4.1.38.Final]
	... 1 common frames omitted

2020-07-20 08:49:54.397  INFO 42338 --- [    Test worker] s.c.a.AnnotationConfigApplicationContext : Closing org.springframework.context.annotation.AnnotationConfigApplicationContext@4b9c4cfc: startup date [Mon Jul 20 08:49:49 IST 2020]; root of context hierarchy

  .   ____          _            __ _ _
 /\\ / ___'_ __ _ _(_)_ __  __ _ \ \ \ \
( ( )\___ | '_ | '_| | '_ \/ _` | \ \ \ \
 \\/  ___)| |_)| | | | | || (_| |  ) ) ) )
  '  |____| .__|_| |_|_| |_\__, | / / / /
 =========|_|==============|___/=/_/_/_/
 :: Spring Boot ::       (v1.5.13.RELEASE)

2020-07-20 08:49:54.456  INFO 42338 --- [    Test worker] o.l.s.grpc.OrderedInterceptorsTest       : Starting OrderedInterceptorsTest on WKMIN4723941 with PID 42338 (started by sjadadhw in /Users/sjadadhw/Documents/T-480-Backup/Projects/Learnings/Microservices/Code/grpc-springboot/grpc-spring-boot-starter-demo)
2020-07-20 08:49:54.457  INFO 42338 --- [    Test worker] o.l.s.grpc.OrderedInterceptorsTest       : No active profile set, falling back to default profiles: default
2020-07-20 08:49:54.460  INFO 42338 --- [    Test worker] s.c.a.AnnotationConfigApplicationContext : Refreshing org.springframework.context.annotation.AnnotationConfigApplicationContext@10c59ba: startup date [Mon Jul 20 08:49:54 IST 2020]; root of context hierarchy
2020-07-20 08:49:54.680  INFO 42338 --- [    Test worker] o.s.b.f.s.DefaultListableBeanFactory     : Overriding bean definition for bean 'greeterService' with a different definition: replacing [Generic bean: class [org.lognet.springboot.grpc.demo.GreeterService]; scope=singleton; abstract=false; lazyInit=false; autowireMode=0; dependencyCheck=0; autowireCandidate=true; primary=false; factoryBeanName=null; factoryMethodName=null; initMethodName=null; destroyMethodName=null; defined in file [/Users/sjadadhw/Documents/T-480-Backup/Projects/Learnings/Microservices/Code/grpc-springboot/grpc-spring-boot-starter-demo/build/classes/java/main/org/lognet/springboot/grpc/demo/GreeterService.class]] with [Root bean: class [null]; scope=; abstract=false; lazyInit=false; autowireMode=3; dependencyCheck=0; autowireCandidate=true; primary=false; factoryBeanName=demoApp; factoryMethodName=greeterService; initMethodName=null; destroyMethodName=(inferred); defined in org.lognet.springboot.grpc.demo.DemoApp]
2020-07-20 08:49:55.296  INFO 42338 --- [    Test worker] o.l.springboot.grpc.GRpcServerRunner     : Starting gRPC Server ...
2020-07-20 08:49:55.313  INFO 42338 --- [    Test worker] o.l.springboot.grpc.GRpcServerRunner     : 'org.lognet.springboot.grpc.demo.DemoApp$CalculatorService' service has been registered.
2020-07-20 08:49:55.315  INFO 42338 --- [    Test worker] o.l.springboot.grpc.GRpcServerRunner     : 'org.lognet.springboot.grpc.demo.GreeterService' service has been registered.
2020-07-20 08:49:55.316  INFO 42338 --- [    Test worker] o.l.springboot.grpc.GRpcServerRunner     : 'io.grpc.protobuf.services.ProtoReflectionService' service has been registered.
2020-07-20 08:49:55.319  INFO 42338 --- [    Test worker] utoConfigurationReportLoggingInitializer : 

Error starting ApplicationContext. To display the auto-configuration report re-run your application with 'debug' enabled.
2020-07-20 08:49:55.326 ERROR 42338 --- [    Test worker] o.s.boot.SpringApplication               : Application startup failed

java.lang.IllegalStateException: Failed to execute CommandLineRunner
	at org.springframework.boot.SpringApplication.callRunner(SpringApplication.java:735) ~[spring-boot-1.5.13.RELEASE.jar:1.5.13.RELEASE]
	at org.springframework.boot.SpringApplication.callRunners(SpringApplication.java:716) ~[spring-boot-1.5.13.RELEASE.jar:1.5.13.RELEASE]
	at org.springframework.boot.SpringApplication.afterRefresh(SpringApplication.java:703) ~[spring-boot-1.5.13.RELEASE.jar:1.5.13.RELEASE]
	at org.springframework.boot.SpringApplication.run(SpringApplication.java:304) ~[spring-boot-1.5.13.RELEASE.jar:1.5.13.RELEASE]
	at org.springframework.boot.test.context.SpringBootContextLoader.loadContext(SpringBootContextLoader.java:121) [spring-boot-test-1.5.13.RELEASE.jar:1.5.13.RELEASE]
	at org.springframework.test.context.cache.DefaultCacheAwareContextLoaderDelegate.loadContextInternal(DefaultCacheAwareContextLoaderDelegate.java:98) [spring-test-4.3.17.RELEASE.jar:4.3.17.RELEASE]
	at org.springframework.test.context.cache.DefaultCacheAwareContextLoaderDelegate.loadContext(DefaultCacheAwareContextLoaderDelegate.java:116) [spring-test-4.3.17.RELEASE.jar:4.3.17.RELEASE]
	at org.springframework.test.context.support.DefaultTestContext.getApplicationContext(DefaultTestContext.java:83) [spring-test-4.3.17.RELEASE.jar:4.3.17.RELEASE]
	at org.springframework.boot.test.autoconfigure.SpringBootDependencyInjectionTestExecutionListener.outputConditionEvaluationReport(SpringBootDependencyInjectionTestExecutionListener.java:54) [spring-boot-test-autoconfigure-1.5.13.RELEASE.jar:1.5.13.RELEASE]
	at org.springframework.boot.test.autoconfigure.SpringBootDependencyInjectionTestExecutionListener.prepareTestInstance(SpringBootDependencyInjectionTestExecutionListener.java:47) [spring-boot-test-autoconfigure-1.5.13.RELEASE.jar:1.5.13.RELEASE]
	at org.springframework.test.context.TestContextManager.prepareTestInstance(TestContextManager.java:230) [spring-test-4.3.17.RELEASE.jar:4.3.17.RELEASE]
	at org.springframework.test.context.junit4.SpringJUnit4ClassRunner.createTest(SpringJUnit4ClassRunner.java:228) [spring-test-4.3.17.RELEASE.jar:4.3.17.RELEASE]
	at org.springframework.test.context.junit4.SpringJUnit4ClassRunner$1.runReflectiveCall(SpringJUnit4ClassRunner.java:287) [spring-test-4.3.17.RELEASE.jar:4.3.17.RELEASE]
	at org.junit.internal.runners.model.ReflectiveCallable.run(ReflectiveCallable.java:12) [junit-4.12.jar:4.12]
	at org.springframework.test.context.junit4.SpringJUnit4ClassRunner.methodBlock(SpringJUnit4ClassRunner.java:289) [spring-test-4.3.17.RELEASE.jar:4.3.17.RELEASE]
	at org.springframework.test.context.junit4.SpringJUnit4ClassRunner.runChild(SpringJUnit4ClassRunner.java:247) [spring-test-4.3.17.RELEASE.jar:4.3.17.RELEASE]
	at org.springframework.test.context.junit4.SpringJUnit4ClassRunner.runChild(SpringJUnit4ClassRunner.java:94) [spring-test-4.3.17.RELEASE.jar:4.3.17.RELEASE]
	at org.junit.runners.ParentRunner$3.run(ParentRunner.java:290) [junit-4.12.jar:4.12]
	at org.junit.runners.ParentRunner$1.schedule(ParentRunner.java:71) [junit-4.12.jar:4.12]
	at org.junit.runners.ParentRunner.runChildren(ParentRunner.java:288) [junit-4.12.jar:4.12]
	at org.junit.runners.ParentRunner.access$000(ParentRunner.java:58) [junit-4.12.jar:4.12]
	at org.junit.runners.ParentRunner$2.evaluate(ParentRunner.java:268) [junit-4.12.jar:4.12]
	at org.springframework.test.context.junit4.statements.RunBeforeTestClassCallbacks.evaluate(RunBeforeTestClassCallbacks.java:61) [spring-test-4.3.17.RELEASE.jar:4.3.17.RELEASE]
	at org.springframework.test.context.junit4.statements.RunAfterTestClassCallbacks.evaluate(RunAfterTestClassCallbacks.java:70) [spring-test-4.3.17.RELEASE.jar:4.3.17.RELEASE]
	at org.junit.runners.ParentRunner.run(ParentRunner.java:363) [junit-4.12.jar:4.12]
	at org.springframework.test.context.junit4.SpringJUnit4ClassRunner.run(SpringJUnit4ClassRunner.java:191) [spring-test-4.3.17.RELEASE.jar:4.3.17.RELEASE]
	at org.gradle.api.internal.tasks.testing.junit.JUnitTestClassExecutor.runTestClass(JUnitTestClassExecutor.java:106) [gradle-testing-jvm-4.10.jar:4.10]
	at org.gradle.api.internal.tasks.testing.junit.JUnitTestClassExecutor.execute(JUnitTestClassExecutor.java:58) [gradle-testing-jvm-4.10.jar:4.10]
	at org.gradle.api.internal.tasks.testing.junit.JUnitTestClassExecutor.execute(JUnitTestClassExecutor.java:38) [gradle-testing-jvm-4.10.jar:4.10]
	at org.gradle.api.internal.tasks.testing.junit.AbstractJUnitTestClassProcessor.processTestClass(AbstractJUnitTestClassProcessor.java:66) [gradle-testing-jvm-4.10.jar:4.10]
	at org.gradle.api.internal.tasks.testing.SuiteTestClassProcessor.processTestClass(SuiteTestClassProcessor.java:51) [gradle-testing-base-4.10.jar:4.10]
	at sun.reflect.NativeMethodAccessorImpl.invoke0(Native Method) ~[na:1.8.0_251]
	at sun.reflect.NativeMethodAccessorImpl.invoke(NativeMethodAccessorImpl.java:62) ~[na:1.8.0_251]
	at sun.reflect.DelegatingMethodAccessorImpl.invoke(DelegatingMethodAccessorImpl.java:43) ~[na:1.8.0_251]
	at java.lang.reflect.Method.invoke(Method.java:498) ~[na:1.8.0_251]
	at org.gradle.internal.dispatch.ReflectionDispatch.dispatch(ReflectionDispatch.java:35) [gradle-messaging-4.10.jar:4.10]
	at org.gradle.internal.dispatch.ReflectionDispatch.dispatch(ReflectionDispatch.java:24) [gradle-messaging-4.10.jar:4.10]
	at org.gradle.internal.dispatch.ContextClassLoaderDispatch.dispatch(ContextClassLoaderDispatch.java:32) [gradle-messaging-4.10.jar:4.10]
	at org.gradle.internal.dispatch.ProxyDispatchAdapter$DispatchingInvocationHandler.invoke(ProxyDispatchAdapter.java:93) [gradle-messaging-4.10.jar:4.10]
	at com.sun.proxy.$Proxy2.processTestClass(Unknown Source) [na:na]
	at org.gradle.api.internal.tasks.testing.worker.TestWorker.processTestClass(TestWorker.java:117) [gradle-testing-base-4.10.jar:4.10]
	at sun.reflect.NativeMethodAccessorImpl.invoke0(Native Method) ~[na:1.8.0_251]
	at sun.reflect.NativeMethodAccessorImpl.invoke(NativeMethodAccessorImpl.java:62) ~[na:1.8.0_251]
	at sun.reflect.DelegatingMethodAccessorImpl.invoke(DelegatingMethodAccessorImpl.java:43) ~[na:1.8.0_251]
	at java.lang.reflect.Method.invoke(Method.java:498) ~[na:1.8.0_251]
	at org.gradle.internal.dispatch.ReflectionDispatch.dispatch(ReflectionDispatch.java:35) [gradle-messaging-4.10.jar:4.10]
	at org.gradle.internal.dispatch.ReflectionDispatch.dispatch(ReflectionDispatch.java:24) [gradle-messaging-4.10.jar:4.10]
	at org.gradle.internal.remote.internal.hub.MessageHubBackedObjectConnection$DispatchWrapper.dispatch(MessageHubBackedObjectConnection.java:155) [gradle-messaging-4.10.jar:4.10]
	at org.gradle.internal.remote.internal.hub.MessageHubBackedObjectConnection$DispatchWrapper.dispatch(MessageHubBackedObjectConnection.java:137) [gradle-messaging-4.10.jar:4.10]
	at org.gradle.internal.remote.internal.hub.MessageHub$Handler.run(MessageHub.java:404) [gradle-messaging-4.10.jar:4.10]
	at org.gradle.internal.concurrent.ExecutorPolicy$CatchAndRecordFailures.onExecute(ExecutorPolicy.java:63) [gradle-base-services-4.10.jar:4.10]
	at org.gradle.internal.concurrent.ManagedExecutorImpl$1.run(ManagedExecutorImpl.java:46) [gradle-base-services-4.10.jar:4.10]
	at java.util.concurrent.ThreadPoolExecutor.runWorker(ThreadPoolExecutor.java:1149) [na:1.8.0_251]
	at java.util.concurrent.ThreadPoolExecutor$Worker.run(ThreadPoolExecutor.java:624) [na:1.8.0_251]
	at org.gradle.internal.concurrent.ThreadFactoryImpl$ManagedThreadRunnable.run(ThreadFactoryImpl.java:55) [gradle-base-services-4.10.jar:4.10]
	at java.lang.Thread.run(Thread.java:748) [na:1.8.0_251]
Caused by: java.io.IOException: Failed to bind
	at io.grpc.netty.NettyServer.start(NettyServer.java:246) ~[grpc-netty-1.24.0.jar:1.24.0]
	at io.grpc.internal.ServerImpl.start(ServerImpl.java:184) ~[grpc-core-1.24.0.jar:1.24.0]
	at io.grpc.internal.ServerImpl.start(ServerImpl.java:90) ~[grpc-core-1.24.0.jar:1.24.0]
	at org.lognet.springboot.grpc.GRpcServerRunner.run(GRpcServerRunner.java:91) ~[grpc-spring-boot-starter-3.4.4-SNAPSHOT.jar:na]
	at org.springframework.boot.SpringApplication.callRunner(SpringApplication.java:732) ~[spring-boot-1.5.13.RELEASE.jar:1.5.13.RELEASE]
	... 55 common frames omitted
Caused by: java.net.BindException: Address already in use
	at sun.nio.ch.Net.bind0(Native Method) ~[na:1.8.0_251]
	at sun.nio.ch.Net.bind(Net.java:433) ~[na:1.8.0_251]
	at sun.nio.ch.Net.bind(Net.java:425) ~[na:1.8.0_251]
	at sun.nio.ch.ServerSocketChannelImpl.bind(ServerSocketChannelImpl.java:223) ~[na:1.8.0_251]
	at io.netty.channel.socket.nio.NioServerSocketChannel.doBind(NioServerSocketChannel.java:132) ~[netty-transport-4.1.38.Final.jar:4.1.38.Final]
	at io.netty.channel.AbstractChannel$AbstractUnsafe.bind(AbstractChannel.java:551) ~[netty-transport-4.1.38.Final.jar:4.1.38.Final]
	at io.netty.channel.DefaultChannelPipeline$HeadContext.bind(DefaultChannelPipeline.java:1345) ~[netty-transport-4.1.38.Final.jar:4.1.38.Final]
	at io.netty.channel.AbstractChannelHandlerContext.invokeBind(AbstractChannelHandlerContext.java:503) ~[netty-transport-4.1.38.Final.jar:4.1.38.Final]
	at io.netty.channel.AbstractChannelHandlerContext.bind(AbstractChannelHandlerContext.java:488) ~[netty-transport-4.1.38.Final.jar:4.1.38.Final]
	at io.netty.channel.DefaultChannelPipeline.bind(DefaultChannelPipeline.java:984) ~[netty-transport-4.1.38.Final.jar:4.1.38.Final]
	at io.netty.channel.AbstractChannel.bind(AbstractChannel.java:247) ~[netty-transport-4.1.38.Final.jar:4.1.38.Final]
	at io.netty.bootstrap.AbstractBootstrap$2.run(AbstractBootstrap.java:355) ~[netty-transport-4.1.38.Final.jar:4.1.38.Final]
	at io.netty.util.concurrent.AbstractEventExecutor.safeExecute(AbstractEventExecutor.java:163) ~[netty-common-4.1.38.Final.jar:4.1.38.Final]
	at io.netty.util.concurrent.SingleThreadEventExecutor.runAllTasks(SingleThreadEventExecutor.java:416) ~[netty-common-4.1.38.Final.jar:4.1.38.Final]
	at io.netty.channel.nio.NioEventLoop.run(NioEventLoop.java:515) ~[netty-transport-4.1.38.Final.jar:4.1.38.Final]
	at io.netty.util.concurrent.SingleThreadEventExecutor$5.run(SingleThreadEventExecutor.java:918) ~[netty-common-4.1.38.Final.jar:4.1.38.Final]
	at io.netty.util.internal.ThreadExecutorMap$2.run(ThreadExecutorMap.java:74) ~[netty-common-4.1.38.Final.jar:4.1.38.Final]
	at io.netty.util.concurrent.FastThreadLocalRunnable.run(FastThreadLocalRunnable.java:30) ~[netty-common-4.1.38.Final.jar:4.1.38.Final]
	... 1 common frames omitted

2020-07-20 08:49:55.330  INFO 42338 --- [    Test worker] s.c.a.AnnotationConfigApplicationContext : Closing org.springframework.context.annotation.AnnotationConfigApplicationContext@10c59ba: startup date [Mon Jul 20 08:49:54 IST 2020]; root of context hierarchy
2020-07-20 08:49:55.334 ERROR 42338 --- [    Test worker] o.s.test.context.TestContextManager      : Caught exception while allowing TestExecutionListener [org.springframework.boot.test.autoconfigure.SpringBootDependencyInjectionTestExecutionListener@69b38c1e] to prepare test instance [org.lognet.springboot.grpc.OrderedInterceptorsTest@4f116f2e]

java.lang.IllegalStateException: Failed to load ApplicationContext
	at org.springframework.test.context.cache.DefaultCacheAwareContextLoaderDelegate.loadContext(DefaultCacheAwareContextLoaderDelegate.java:124) ~[spring-test-4.3.17.RELEASE.jar:4.3.17.RELEASE]
	at org.springframework.test.context.support.DefaultTestContext.getApplicationContext(DefaultTestContext.java:83) ~[spring-test-4.3.17.RELEASE.jar:4.3.17.RELEASE]
	at org.springframework.test.context.support.DependencyInjectionTestExecutionListener.injectDependencies(DependencyInjectionTestExecutionListener.java:117) ~[spring-test-4.3.17.RELEASE.jar:4.3.17.RELEASE]
	at org.springframework.test.context.support.DependencyInjectionTestExecutionListener.prepareTestInstance(DependencyInjectionTestExecutionListener.java:83) ~[spring-test-4.3.17.RELEASE.jar:4.3.17.RELEASE]
	at org.springframework.boot.test.autoconfigure.SpringBootDependencyInjectionTestExecutionListener.prepareTestInstance(SpringBootDependencyInjectionTestExecutionListener.java:44) ~[spring-boot-test-autoconfigure-1.5.13.RELEASE.jar:1.5.13.RELEASE]
	at org.springframework.test.context.TestContextManager.prepareTestInstance(TestContextManager.java:230) ~[spring-test-4.3.17.RELEASE.jar:4.3.17.RELEASE]
	at org.springframework.test.context.junit4.SpringJUnit4ClassRunner.createTest(SpringJUnit4ClassRunner.java:228) [spring-test-4.3.17.RELEASE.jar:4.3.17.RELEASE]
	at org.springframework.test.context.junit4.SpringJUnit4ClassRunner$1.runReflectiveCall(SpringJUnit4ClassRunner.java:287) [spring-test-4.3.17.RELEASE.jar:4.3.17.RELEASE]
	at org.junit.internal.runners.model.ReflectiveCallable.run(ReflectiveCallable.java:12) [junit-4.12.jar:4.12]
	at org.springframework.test.context.junit4.SpringJUnit4ClassRunner.methodBlock(SpringJUnit4ClassRunner.java:289) [spring-test-4.3.17.RELEASE.jar:4.3.17.RELEASE]
	at org.springframework.test.context.junit4.SpringJUnit4ClassRunner.runChild(SpringJUnit4ClassRunner.java:247) [spring-test-4.3.17.RELEASE.jar:4.3.17.RELEASE]
	at org.springframework.test.context.junit4.SpringJUnit4ClassRunner.runChild(SpringJUnit4ClassRunner.java:94) [spring-test-4.3.17.RELEASE.jar:4.3.17.RELEASE]
	at org.junit.runners.ParentRunner$3.run(ParentRunner.java:290) [junit-4.12.jar:4.12]
	at org.junit.runners.ParentRunner$1.schedule(ParentRunner.java:71) [junit-4.12.jar:4.12]
	at org.junit.runners.ParentRunner.runChildren(ParentRunner.java:288) [junit-4.12.jar:4.12]
	at org.junit.runners.ParentRunner.access$000(ParentRunner.java:58) [junit-4.12.jar:4.12]
	at org.junit.runners.ParentRunner$2.evaluate(ParentRunner.java:268) [junit-4.12.jar:4.12]
	at org.springframework.test.context.junit4.statements.RunBeforeTestClassCallbacks.evaluate(RunBeforeTestClassCallbacks.java:61) [spring-test-4.3.17.RELEASE.jar:4.3.17.RELEASE]
	at org.springframework.test.context.junit4.statements.RunAfterTestClassCallbacks.evaluate(RunAfterTestClassCallbacks.java:70) [spring-test-4.3.17.RELEASE.jar:4.3.17.RELEASE]
	at org.junit.runners.ParentRunner.run(ParentRunner.java:363) [junit-4.12.jar:4.12]
	at org.springframework.test.context.junit4.SpringJUnit4ClassRunner.run(SpringJUnit4ClassRunner.java:191) [spring-test-4.3.17.RELEASE.jar:4.3.17.RELEASE]
	at org.gradle.api.internal.tasks.testing.junit.JUnitTestClassExecutor.runTestClass(JUnitTestClassExecutor.java:106) [gradle-testing-jvm-4.10.jar:4.10]
	at org.gradle.api.internal.tasks.testing.junit.JUnitTestClassExecutor.execute(JUnitTestClassExecutor.java:58) [gradle-testing-jvm-4.10.jar:4.10]
	at org.gradle.api.internal.tasks.testing.junit.JUnitTestClassExecutor.execute(JUnitTestClassExecutor.java:38) [gradle-testing-jvm-4.10.jar:4.10]
	at org.gradle.api.internal.tasks.testing.junit.AbstractJUnitTestClassProcessor.processTestClass(AbstractJUnitTestClassProcessor.java:66) [gradle-testing-jvm-4.10.jar:4.10]
	at org.gradle.api.internal.tasks.testing.SuiteTestClassProcessor.processTestClass(SuiteTestClassProcessor.java:51) [gradle-testing-base-4.10.jar:4.10]
	at sun.reflect.NativeMethodAccessorImpl.invoke0(Native Method) ~[na:1.8.0_251]
	at sun.reflect.NativeMethodAccessorImpl.invoke(NativeMethodAccessorImpl.java:62) ~[na:1.8.0_251]
	at sun.reflect.DelegatingMethodAccessorImpl.invoke(DelegatingMethodAccessorImpl.java:43) ~[na:1.8.0_251]
	at java.lang.reflect.Method.invoke(Method.java:498) ~[na:1.8.0_251]
	at org.gradle.internal.dispatch.ReflectionDispatch.dispatch(ReflectionDispatch.java:35) [gradle-messaging-4.10.jar:4.10]
	at org.gradle.internal.dispatch.ReflectionDispatch.dispatch(ReflectionDispatch.java:24) [gradle-messaging-4.10.jar:4.10]
	at org.gradle.internal.dispatch.ContextClassLoaderDispatch.dispatch(ContextClassLoaderDispatch.java:32) [gradle-messaging-4.10.jar:4.10]
	at org.gradle.internal.dispatch.ProxyDispatchAdapter$DispatchingInvocationHandler.invoke(ProxyDispatchAdapter.java:93) [gradle-messaging-4.10.jar:4.10]
	at com.sun.proxy.$Proxy2.processTestClass(Unknown Source) [na:na]
	at org.gradle.api.internal.tasks.testing.worker.TestWorker.processTestClass(TestWorker.java:117) [gradle-testing-base-4.10.jar:4.10]
	at sun.reflect.NativeMethodAccessorImpl.invoke0(Native Method) ~[na:1.8.0_251]
	at sun.reflect.NativeMethodAccessorImpl.invoke(NativeMethodAccessorImpl.java:62) ~[na:1.8.0_251]
	at sun.reflect.DelegatingMethodAccessorImpl.invoke(DelegatingMethodAccessorImpl.java:43) ~[na:1.8.0_251]
	at java.lang.reflect.Method.invoke(Method.java:498) ~[na:1.8.0_251]
	at org.gradle.internal.dispatch.ReflectionDispatch.dispatch(ReflectionDispatch.java:35) [gradle-messaging-4.10.jar:4.10]
	at org.gradle.internal.dispatch.ReflectionDispatch.dispatch(ReflectionDispatch.java:24) [gradle-messaging-4.10.jar:4.10]
	at org.gradle.internal.remote.internal.hub.MessageHubBackedObjectConnection$DispatchWrapper.dispatch(MessageHubBackedObjectConnection.java:155) [gradle-messaging-4.10.jar:4.10]
	at org.gradle.internal.remote.internal.hub.MessageHubBackedObjectConnection$DispatchWrapper.dispatch(MessageHubBackedObjectConnection.java:137) [gradle-messaging-4.10.jar:4.10]
	at org.gradle.internal.remote.internal.hub.MessageHub$Handler.run(MessageHub.java:404) [gradle-messaging-4.10.jar:4.10]
	at org.gradle.internal.concurrent.ExecutorPolicy$CatchAndRecordFailures.onExecute(ExecutorPolicy.java:63) [gradle-base-services-4.10.jar:4.10]
	at org.gradle.internal.concurrent.ManagedExecutorImpl$1.run(ManagedExecutorImpl.java:46) [gradle-base-services-4.10.jar:4.10]
	at java.util.concurrent.ThreadPoolExecutor.runWorker(ThreadPoolExecutor.java:1149) [na:1.8.0_251]
	at java.util.concurrent.ThreadPoolExecutor$Worker.run(ThreadPoolExecutor.java:624) [na:1.8.0_251]
	at org.gradle.internal.concurrent.ThreadFactoryImpl$ManagedThreadRunnable.run(ThreadFactoryImpl.java:55) [gradle-base-services-4.10.jar:4.10]
	at java.lang.Thread.run(Thread.java:748) [na:1.8.0_251]
Caused by: java.lang.IllegalStateException: Failed to execute CommandLineRunner
	at org.springframework.boot.SpringApplication.callRunner(SpringApplication.java:735) ~[spring-boot-1.5.13.RELEASE.jar:1.5.13.RELEASE]
	at org.springframework.boot.SpringApplication.callRunners(SpringApplication.java:716) ~[spring-boot-1.5.13.RELEASE.jar:1.5.13.RELEASE]
	at org.springframework.boot.SpringApplication.afterRefresh(SpringApplication.java:703) ~[spring-boot-1.5.13.RELEASE.jar:1.5.13.RELEASE]
	at org.springframework.boot.SpringApplication.run(SpringApplication.java:304) ~[spring-boot-1.5.13.RELEASE.jar:1.5.13.RELEASE]
	at org.springframework.boot.test.context.SpringBootContextLoader.loadContext(SpringBootContextLoader.java:121) ~[spring-boot-test-1.5.13.RELEASE.jar:1.5.13.RELEASE]
	at org.springframework.test.context.cache.DefaultCacheAwareContextLoaderDelegate.loadContextInternal(DefaultCacheAwareContextLoaderDelegate.java:98) ~[spring-test-4.3.17.RELEASE.jar:4.3.17.RELEASE]
	at org.springframework.test.context.cache.DefaultCacheAwareContextLoaderDelegate.loadContext(DefaultCacheAwareContextLoaderDelegate.java:116) ~[spring-test-4.3.17.RELEASE.jar:4.3.17.RELEASE]
	... 50 common frames omitted
Caused by: java.io.IOException: Failed to bind
	at io.grpc.netty.NettyServer.start(NettyServer.java:246) ~[grpc-netty-1.24.0.jar:1.24.0]
	at io.grpc.internal.ServerImpl.start(ServerImpl.java:184) ~[grpc-core-1.24.0.jar:1.24.0]
	at io.grpc.internal.ServerImpl.start(ServerImpl.java:90) ~[grpc-core-1.24.0.jar:1.24.0]
	at org.lognet.springboot.grpc.GRpcServerRunner.run(GRpcServerRunner.java:91) ~[grpc-spring-boot-starter-3.4.4-SNAPSHOT.jar:na]
	at org.springframework.boot.SpringApplication.callRunner(SpringApplication.java:732) ~[spring-boot-1.5.13.RELEASE.jar:1.5.13.RELEASE]
	... 56 common frames omitted
Caused by: java.net.BindException: Address already in use
	at sun.nio.ch.Net.bind0(Native Method) ~[na:1.8.0_251]
	at sun.nio.ch.Net.bind(Net.java:433) ~[na:1.8.0_251]
	at sun.nio.ch.Net.bind(Net.java:425) ~[na:1.8.0_251]
	at sun.nio.ch.ServerSocketChannelImpl.bind(ServerSocketChannelImpl.java:223) ~[na:1.8.0_251]
	at io.netty.channel.socket.nio.NioServerSocketChannel.doBind(NioServerSocketChannel.java:132) ~[netty-transport-4.1.38.Final.jar:4.1.38.Final]
	at io.netty.channel.AbstractChannel$AbstractUnsafe.bind(AbstractChannel.java:551) ~[netty-transport-4.1.38.Final.jar:4.1.38.Final]
	at io.netty.channel.DefaultChannelPipeline$HeadContext.bind(DefaultChannelPipeline.java:1345) ~[netty-transport-4.1.38.Final.jar:4.1.38.Final]
	at io.netty.channel.AbstractChannelHandlerContext.invokeBind(AbstractChannelHandlerContext.java:503) ~[netty-transport-4.1.38.Final.jar:4.1.38.Final]
	at io.netty.channel.AbstractChannelHandlerContext.bind(AbstractChannelHandlerContext.java:488) ~[netty-transport-4.1.38.Final.jar:4.1.38.Final]
	at io.netty.channel.DefaultChannelPipeline.bind(DefaultChannelPipeline.java:984) ~[netty-transport-4.1.38.Final.jar:4.1.38.Final]
	at io.netty.channel.AbstractChannel.bind(AbstractChannel.java:247) ~[netty-transport-4.1.38.Final.jar:4.1.38.Final]
	at io.netty.bootstrap.AbstractBootstrap$2.run(AbstractBootstrap.java:355) ~[netty-transport-4.1.38.Final.jar:4.1.38.Final]
	at io.netty.util.concurrent.AbstractEventExecutor.safeExecute(AbstractEventExecutor.java:163) ~[netty-common-4.1.38.Final.jar:4.1.38.Final]
	at io.netty.util.concurrent.SingleThreadEventExecutor.runAllTasks(SingleThreadEventExecutor.java:416) ~[netty-common-4.1.38.Final.jar:4.1.38.Final]
	at io.netty.channel.nio.NioEventLoop.run(NioEventLoop.java:515) ~[netty-transport-4.1.38.Final.jar:4.1.38.Final]
	at io.netty.util.concurrent.SingleThreadEventExecutor$5.run(SingleThreadEventExecutor.java:918) ~[netty-common-4.1.38.Final.jar:4.1.38.Final]
	at io.netty.util.internal.ThreadExecutorMap$2.run(ThreadExecutorMap.java:74) ~[netty-common-4.1.38.Final.jar:4.1.38.Final]
	at io.netty.util.concurrent.FastThreadLocalRunnable.run(FastThreadLocalRunnable.java:30) ~[netty-common-4.1.38.Final.jar:4.1.38.Final]
	... 1 common frames omitted

]]></system-out>
  <system-err><![CDATA[]]></system-err>
</testsuite>
